<?xml version="1.0" encoding="UTF-8"?>
<!-- Generated by org.testng.reporters.JUnitReportReporter -->
<testsuite name="com.jaga.hybrid.testscripts.SignIn" tests="1" time="3.803" ignored="0" failures="0" timestamp="18 Apr 2018 04:18:00 GMT" skipped="0" hostname="JAGA" errors="0">
  <testcase name="signIn" time="3.803" classname="com.jaga.hybrid.testscripts.SignIn"/>
</testsuite> <!-- com.jaga.hybrid.testscripts.SignIn -->
