<?xml version="1.0" encoding="UTF-8"?>
<!-- Generated by org.testng.reporters.JUnitReportReporter -->
<testsuite name="com.jaga.hybrid.testscripts.SignUp_AccountCreation" tests="1" time="53.105" ignored="0" failures="0" timestamp="09 Feb 2018 02:56:22 GMT" skipped="0" hostname="JAGA" errors="0">
  <testcase name="accountRegistration" time="53.105" classname="com.jaga.hybrid.testscripts.SignUp_AccountCreation"/>
</testsuite> <!-- com.jaga.hybrid.testscripts.SignUp_AccountCreation -->
