<?xml version="1.0" encoding="UTF-8"?>
<!-- Generated by org.testng.reporters.JUnitReportReporter -->
<testsuite name="com.jaga.hybrid.testscripts.SignIn" tests="1" time="2.551" ignored="0" failures="0" timestamp="23 Mar 2018 03:36:03 GMT" skipped="0" hostname="JAGA" errors="0">
  <testcase name="signIn" time="2.551" classname="com.jaga.hybrid.testscripts.SignIn"/>
</testsuite> <!-- com.jaga.hybrid.testscripts.SignIn -->
