<?xml version="1.0" encoding="UTF-8"?>
<!-- Generated by org.testng.reporters.JUnitReportReporter -->
<testsuite name="com.jaga.hybrid.testscripts.SignIn" tests="1" time="38.945" ignored="0" failures="0" timestamp="19 May 2018 05:37:50 GMT" skipped="0" hostname="JAGA" errors="0">
  <testcase name="signIn" time="38.945" classname="com.jaga.hybrid.testscripts.SignIn"/>
</testsuite> <!-- com.jaga.hybrid.testscripts.SignIn -->
