<?xml version="1.0" encoding="UTF-8"?>
<!-- Generated by org.testng.reporters.JUnitReportReporter -->
<testsuite name="com.jaga.hybrid.testscripts.SignUp_AccountCreation" tests="1" time="24.407" ignored="0" failures="0" timestamp="16 Mar 2018 04:39:33 GMT" skipped="0" hostname="JAGA" errors="0">
  <testcase name="accountRegistration" time="24.407" classname="com.jaga.hybrid.testscripts.SignUp_AccountCreation"/>
</testsuite> <!-- com.jaga.hybrid.testscripts.SignUp_AccountCreation -->
