<?xml version="1.0" encoding="UTF-8"?>
<!-- Generated by org.testng.reporters.JUnitReportReporter -->
<testsuite name="com.jaga.hybrid.testscripts.SignIn" tests="1" time="2.586" ignored="0" failures="0" timestamp="19 Apr 2018 03:46:43 GMT" skipped="0" hostname="JAGA" errors="0">
  <testcase name="signIn" time="2.586" classname="com.jaga.hybrid.testscripts.SignIn"/>
</testsuite> <!-- com.jaga.hybrid.testscripts.SignIn -->
