<?xml version="1.0" encoding="UTF-8"?>
<!-- Generated by org.testng.reporters.JUnitReportReporter -->
<testsuite name="com.jaga.hybrid.testscripts.AccountCreation" tests="1" time="19.025" ignored="0" failures="0" timestamp="19 Apr 2018 03:03:58 GMT" skipped="0" hostname="JAGA" errors="0">
  <testcase name="createAccount" time="19.025" classname="com.jaga.hybrid.testscripts.AccountCreation"/>
</testsuite> <!-- com.jaga.hybrid.testscripts.AccountCreation -->
