<?xml version="1.0" encoding="UTF-8"?>
<!-- Generated by org.testng.reporters.JUnitReportReporter -->
<testsuite name="com.jaga.hybrid.testscripts.AccountCreation" tests="1" time="9.044" ignored="0" failures="0" timestamp="18 Apr 2018 04:16:09 GMT" skipped="0" hostname="JAGA" errors="0">
  <testcase name="createAccount" time="9.044" classname="com.jaga.hybrid.testscripts.AccountCreation"/>
</testsuite> <!-- com.jaga.hybrid.testscripts.AccountCreation -->
