<?xml version="1.0" encoding="UTF-8"?>
<!-- Generated by org.testng.reporters.JUnitReportReporter -->
<testsuite name="com.jaga.hybrid.testscripts.AccountCreationHandlingAlert" tests="1" time="11.753" ignored="0" failures="0" timestamp="24 Apr 2018 04:26:18 GMT" skipped="0" hostname="JAGA" errors="0">
  <testcase name="createAccountHandlingAlert" time="11.753" classname="com.jaga.hybrid.testscripts.AccountCreationHandlingAlert"/>
</testsuite> <!-- com.jaga.hybrid.testscripts.AccountCreationHandlingAlert -->
